<?xml version="1.0" encoding="UTF-8"?>
<testsuite xmlns:xsi="http://www.w3.org/2001/XMLSchema-instance" xsi:noNamespaceSchemaLocation="https://maven.apache.org/surefire/maven-surefire-plugin/xsd/surefire-test-report-3.0.xsd" version="3.0" name="com.bookapp.core.service.CommentServiceTest" time="1.674" tests="12" errors="0" skipped="0" failures="0">
  <properties>
[...]
</properties>
  <testcase name="shouldThrowExceptionWhenBookIdIsNegative" classname="com.bookapp.core.service.CommentServiceTest" time="1.569">
    <system-err><![CDATA[WARNING: A Java agent has been loaded dynamically (C:\Users\Oleksii\.m2\repository\net\bytebuddy\byte-buddy-agent\1.14.10\byte-buddy-agent-1.14.10.jar)
WARNING: If a serviceability tool is in use, please run with -XX:+EnableDynamicAgentLoading to hide this warning
WARNING: If a serviceability tool is not in use, please run with -Djdk.instrument.traceUsage for more information
WARNING: Dynamic loading of agents will be disallowed by default in a future release
SLF4J: No SLF4J providers were found.
SLF4J: Defaulting to no-operation (NOP) logger implementation
SLF4J: See https://www.slf4j.org/codes.html#noProviders for further details.
]]></system-err>
  </testcase>
  <testcase name="shouldThrowExceptionWhenCommentIs25HoursOld" classname="com.bookapp.core.service.CommentServiceTest" time="0.003"/>
  <testcase name="shouldDeleteCommentCreatedJustNow" classname="com.bookapp.core.service.CommentServiceTest" time="0.039"/>
  <testcase name="shouldThrowExceptionWhenBookIdIsZero" classname="com.bookapp.core.service.CommentServiceTest" time="0.003"/>
  <testcase name="shouldDeleteCommentWhenParametersAreValid" classname="com.bookapp.core.service.CommentServiceTest" time="0.003"/>
  <testcase name="shouldDeleteCommentCreated23HoursAgo" classname="com.bookapp.core.service.CommentServiceTest" time="0.003"/>
  <testcase name="shouldThrowExceptionWhenCommentIdIsNegative" classname="com.bookapp.core.service.CommentServiceTest" time="0.003"/>
  <testcase name="shouldThrowExceptionWhenCreatedAtIsNull" classname="com.bookapp.core.service.CommentServiceTest" time="0.002"/>
  <testcase name="shouldDeleteCommentCreated1MinuteAgo" classname="com.bookapp.core.service.CommentServiceTest" time="0.002"/>
  <testcase name="shouldThrowExceptionWhenCommentIs48HoursOld" classname="com.bookapp.core.service.CommentServiceTest" time="0.003"/>
  <testcase name="shouldThrowExceptionWhenCommentIdIsZero" classname="com.bookapp.core.service.CommentServiceTest" time="0.004"/>
  <testcase name="shouldThrowExceptionWhenCommentIsTooOld" classname="com.bookapp.core.service.CommentServiceTest" time="0.003"/>
</testsuite>